<?xml version="1.0" encoding="UTF-8"?>
<!-- Generated by org.testng.reporters.JUnitReportReporter -->
<testsuite hostname="DESKTOP-PI4GD96" failures="0" tests="1" name="quickclickacedemy1.mavenjava1.Homepage" time="12.263" errors="0" timestamp="03 Oct 2020 13:47:36 GMT" skipped="0">
  <testcase classname="quickclickacedemy1.mavenjava1.Homepage" name="basePageNavigation" time="12.263"/>
</testsuite> <!-- quickclickacedemy1.mavenjava1.Homepage -->
