<?xml version="1.0" encoding="UTF-8"?>
<!-- Generated by org.testng.reporters.JUnitReportReporter -->
<testsuite hostname="DESKTOP-PI4GD96" failures="0" tests="1" name="quickclickacedemy1.mavenjava1.SeleniumTest" time="18.725" errors="0" timestamp="20 May 2021 09:20:36 GMT" skipped="0">
  <testcase classname="quickclickacedemy1.mavenjava1.SeleniumTest" name="elementUi" time="18.725"/>
</testsuite> <!-- quickclickacedemy1.mavenjava1.SeleniumTest -->
