<?xml version="1.0" encoding="UTF-8"?>
<!-- Generated by org.testng.reporters.JUnitReportReporter -->
<testsuite hostname="DESKTOP-PI4GD96" failures="0" tests="1" name="quickclickacedemy1.mavenjava1.mail$Homepage" time="8.424" errors="0" timestamp="24 May 2021 12:19:26 GMT" skipped="0">
  <testcase classname="quickclickacedemy1.mavenjava1.mail$Homepage" name="basePageNavigation" time="8.424"/>
</testsuite> <!-- quickclickacedemy1.mavenjava1.mail$Homepage -->
