<?xml version="1.0" encoding="UTF-8"?>
<!-- Generated by org.testng.reporters.JUnitReportReporter -->
<testsuite hostname="DESKTOP-PI4GD96" failures="0" tests="1" name="quickclickacedemy1.mavenjava1.mail$Homepage" time="5.887" errors="0" timestamp="26 May 2021 06:27:19 GMT" skipped="0">
  <testcase classname="quickclickacedemy1.mavenjava1.mail$Homepage" name="basePageNavigation" time="5.887"/>
</testsuite> <!-- quickclickacedemy1.mavenjava1.mail$Homepage -->
