<?xml version="1.0" encoding="UTF-8"?>
<!-- Generated by org.testng.reporters.JUnitReportReporter -->
<testsuite hostname="DESKTOP-PI4GD96" failures="0" tests="1" name="quickclickacedemy1.mavenjava1.Newuser" time="27.631" errors="0" timestamp="15 Jun 2021 13:58:11 GMT" skipped="0">
  <testcase classname="quickclickacedemy1.mavenjava1.Newuser" name="basePageNavigation" time="27.631"/>
</testsuite> <!-- quickclickacedemy1.mavenjava1.Newuser -->
