<?xml version="1.0" encoding="UTF-8"?>
<!-- Generated by org.testng.reporters.JUnitReportReporter -->
<testsuite hostname="DESKTOP-PI4GD96" failures="0" tests="1" name="quickclickacedemy1.mavenjava1.mail$Homepage" time="27.549" errors="0" timestamp="15 Jun 2021 13:58:11 GMT" skipped="0">
  <testcase classname="quickclickacedemy1.mavenjava1.mail$Homepage" name="basePageNavigation" time="27.549"/>
</testsuite> <!-- quickclickacedemy1.mavenjava1.mail$Homepage -->
