<?xml version="1.0" encoding="UTF-8"?>
<!-- Generated by org.testng.reporters.JUnitReportReporter -->
<testsuite hostname="DESKTOP-PI4GD96" failures="0" tests="2" name="quickclickacedemy1.mavenjava1.SeleniumTest" time="0.001" errors="0" timestamp="26 Sep 2020 14:01:04 GMT" skipped="0">
  <testcase classname="quickclickacedemy1.mavenjava1.SeleniumTest" name="elementUi" time="0.000"/>
  <testcase classname="quickclickacedemy1.mavenjava1.SeleniumTest" name="BrowserAutomation" time="0.001"/>
</testsuite> <!-- quickclickacedemy1.mavenjava1.SeleniumTest -->
